"E:/Github/ALBERT/Content/Game_Level_0.uasset" 0
"E:/Github/ALBERT/Content/Levels/Flat_Earth.uasset" 1
"E:/Github/ALBERT/Content/Levels/Level_MainMenu_BuiltData.uasset" 2
"E:/Github/ALBERT/Content/Materials/M_Landsape_1.uasset" 3
"E:/Github/ALBERT/Content/UI/TutorialHud_0001_Bots-HUD_1__0027_Layer-4-copy.uasset" 4
"E:/Github/ALBERT/Content/UI/TutorialHud_0002_Bots-HUD_1__0027_Layer-4.uasset" 5
"E:/Github/ALBERT/Content/UI/TutorialHud_0003_Bots-HUD_1__0026_Layer-5-copy.uasset" 6
"E:/Github/ALBERT/Content/UI/Art/MinimapTexture_BP.uasset" 7
"E:/Github/ALBERT/Content/UI/Art/MinimapMaterial.uasset" 8
"E:/Github/ALBERT/Content/UI/Widgets/Options.uasset" 9
"E:/Github/ALBERT/Content/UI/Widgets/MainMenu.uasset" 10
"E:/Github/ALBERT/Content/UI/Widgets/Controls.uasset" 11
"E:/Github/ALBERT/Content/UI/Widgets/DeathScreen.uasset" 12
"E:/Github/ALBERT/Content/UI/Widgets/LevelComplete.uasset" 13
"E:/Github/ALBERT/Content/UI/Widgets/PauseMenu.uasset" 14
"E:/Github/ALBERT/Content/VikingAssets/Thrower/Axe_Diffuse.uasset" 15
"E:/Github/ALBERT/Content/VikingAssets/Thrower/MAT_Axe.uasset" 16
"E:/Github/ALBERT/Content/VikingAssets/Thrower/AxeThrower_Diffuse.uasset" 17
"E:/Github/ALBERT/Content/VikingAssets/Thrower/MAT_AxeThrower.uasset" 18
"E:/Github/ALBERT/Content/VikingAssets/Animation/Anim_AxeThrowing_PhysicsAsset.uasset" 19
"E:/Github/ALBERT/Content/VikingAssets/Animation/Anim_AxeThrowing_Skeleton.uasset" 20
"E:/Github/ALBERT/Content/VikingAssets/Animation/Anim_AxeThrowing.uasset" 21
"E:/Github/ALBERT/Content/VikingAssets/Animation/Anim_AxeThrowing_Anim.uasset" 22
"E:/Github/ALBERT/Content/VikingAssets/Steerer/Steerer_Diffuse.uasset" 23
"E:/Github/ALBERT/Content/VikingAssets/Steerer/MAT_Steerer.uasset" 24
"E:/Github/ALBERT/Content/VikingAssets/Animation/Anim_Steering_PhysicsAsset.uasset" 25
"E:/Github/ALBERT/Content/VikingAssets/Animation/Anim_Steering_Skeleton.uasset" 26
"E:/Github/ALBERT/Content/VikingAssets/Animation/Anim_Steering.uasset" 27
"E:/Github/ALBERT/Content/VikingAssets/Animation/Anim_Steering_Anim.uasset" 28
"E:/Github/ALBERT/Content/VikingAssets/Animation/lambert1.uasset" 29
"E:/Github/ALBERT/Content/VikingAssets/Animation/lambert5.uasset" 30
"E:/Github/ALBERT/Content/VikingAssets/Animation/MAT_Steerer.uasset" 31
"E:/Github/ALBERT/Content/VikingAssets/Boat/OC_Boat1.uasset" 32
"E:/Github/ALBERT/Content/VikingAssets/Boat/OC_Boat3.uasset" 33
"E:/Github/ALBERT/Content/VikingAssets/Boat/OC_Boat.uasset" 34
"E:/Github/ALBERT/Content/VikingAssets/Boat/Rutter.uasset" 35
"E:/Github/ALBERT/Content/VikingAssets/Boat/Rutter1.uasset" 36
"E:/Github/ALBERT/Content/VikingAssets/Boat/Rudders.uasset" 37
"E:/Github/ALBERT/Content/VikingAssets/Flame_Boat/T_Viking_Ram_Boat.uasset" 38
"E:/Github/ALBERT/Content/VikingAssets/Flame_Boat/M_Viking_Ram_Boat.uasset" 39
"E:/Github/ALBERT/Content/VikingAssets/Flame_Boat/Viking_Ram_Ship.uasset" 40
"E:/Github/ALBERT/Content/VikingAssets/Shoot_Boat/T_Viking_Shoot_Ship.uasset" 41
"E:/Github/ALBERT/Content/VikingAssets/Shoot_Boat/M_Viking_Shoot_Ship.uasset" 42
"E:/Github/ALBERT/Content/VikingAssets/Shoot_Boat/Viking_Shoot_Ship.uasset" 43
"E:/Github/ALBERT/Content/VikingAssets/Shoot_Boat/Proj/Arrow_Diffuse.uasset" 44
"E:/Github/ALBERT/Content/VikingAssets/Shoot_Boat/Proj/MAT_Arrow.uasset" 45
"E:/Github/ALBERT/Content/VikingAssets/Shoot_Boat/Proj/Enemy_Proj.uasset" 46
"E:/Github/ALBERT/Content/VikingAssets/Steerer/SteerViking.uasset" 47
"E:/Github/ALBERT/Content/VikingAssets/Thrower/MESH_Axe.uasset" 48
"E:/Github/ALBERT/Content/VikingAssets/Thrower/ThrowViking.uasset" 49
"E:/Github/ALBERT/Content/VikingAssets/Treasure_Chest/T_Chest.uasset" 50
"E:/Github/ALBERT/Content/VikingAssets/Treasure_Chest/M_Chest.uasset" 51
"E:/Github/ALBERT/Content/VikingAssets/Treasure_Chest/Chest_Merged.uasset" 52
"../../../Engine/Content/Functions/Engine_MaterialFunctions01/Opacity/CameraDepthFade.uasset" 53
"../../../Engine/Content/EngineMaterials/T_Default_Material_Grid_M.uasset" 54
"../../../Engine/Content/EngineMaterials/T_Default_Material_Grid_N.uasset" 55
"../../../Engine/Content/EngineMaterials/DefaultMaterial.uasset" 56
"../../../Engine/Content/BasicShapes/Cone.uasset" 57
"../../../Engine/Content/EngineMaterials/WorldGridMaterial.uasset" 58
"../../../Engine/Content/BasicShapes/Cube.uasset" 59
"../../../Engine/Content/BasicShapes/Cylinder.uasset" 60
"../../../Engine/Content/BasicShapes/Plane.uasset" 61
"../../../Engine/Content/BasicShapes/Sphere.uasset" 62
"../../../Engine/Content/EditorLandscapeResources/DataLayer.uasset" 63
"../../../Engine/Content/EditorMaterials/GizmoMaterial.uasset" 64
"../../../Engine/Content/EditorMaterials/MAT_Groups_Toggle.uasset" 65
"../../../Engine/Content/EditorMaterials/MAT_Groups_Visibility.uasset" 66
"../../../Engine/Content/EditorMaterials/PreviewShadowIndicator.uasset" 67
"../../../Engine/Content/EditorMaterials/PreviewShadowIndicatorMaterial.uasset" 68
"../../../Engine/Content/EditorMaterials/MatineeGroups/MAT_ColorTrack.uasset" 69
"../../../Engine/Content/EditorMaterials/MatineeGroups/MAT_Groups_Anim.uasset" 70
"../../../Engine/Content/EditorMaterials/MatineeGroups/MAT_Groups_AudioMaster.uasset" 71
"../../../Engine/Content/EditorMaterials/MatineeGroups/MAT_Groups_Director.uasset" 72
"../../../Engine/Content/EditorMaterials/MatineeGroups/MAT_Groups_Event.uasset" 73
"../../../Engine/Content/EditorMaterials/MatineeGroups/MAT_Groups_Fade.uasset" 74
"../../../Engine/Content/EditorMaterials/MatineeGroups/MAT_Groups_Float.uasset" 75
"../../../Engine/Content/EditorMaterials/MatineeGroups/MAT_Groups_Move.uasset" 76
"../../../Engine/Content/EditorMaterials/MatineeGroups/MAT_Groups_Slomo.uasset" 77
"../../../Engine/Content/EditorMaterials/MatineeGroups/MAT_Groups_Sound.uasset" 78
"../../../Engine/Content/EditorMaterials/MatineeGroups/MAT_Groups_Vector.uasset" 79
"../../../Engine/Content/EditorMaterials/ParticleSystems/PSysThumbnail_NoImage.uasset" 80
"../../../Engine/Content/EditorMaterials/ParticleSystems/PSysThumbnail_OOD.uasset" 81
"../../../Engine/Content/EditorMaterials/Camera/CineMat.uasset" 82
"../../../Engine/Content/EditorMaterials/Camera/MI_CineMat_Rig.uasset" 83
"../../../Engine/Content/EditorMeshes/Camera/SM_CraneRig_Arm.uasset" 84
"../../../Engine/Content/EditorMeshes/Camera/SM_CraneRig_Base.uasset" 85
"../../../Engine/Content/EditorMeshes/Camera/SM_CraneRig_Body.uasset" 86
"../../../Engine/Content/EditorMeshes/Camera/SM_CraneRig_Mount.uasset" 87
"../../../Engine/Content/EditorMeshes/Camera/SM_RailRig_Mount.uasset" 88
"../../../Engine/Content/EditorMeshes/Camera/SM_RailRig_Track.uasset" 89
"../../../Engine/Content/EditorMeshes/ColorCalibrator/M_ChromeBall.uasset" 90
"../../../Engine/Content/EditorMeshes/ColorCalibrator/M_ClearCoat.uasset" 91
"../../../Engine/Content/EditorMeshes/ColorCalibrator/M_ClearCoatBlack.uasset" 92
"../../../Engine/Content/EditorMeshes/ColorCalibrator/Color_checker.uasset" 93
"../../../Engine/Content/EditorMeshes/ColorCalibrator/M_ColorGrid.uasset" 94
"../../../Engine/Content/EditorMeshes/ColorCalibrator/M_GreyBall.uasset" 95
"../../../Engine/Content/EditorMeshes/ColorCalibrator/SM_ColorCalibrator.uasset" 96
"../../../Engine/Content/EditorResources/BSPVertex.uasset" 97
"../../../Engine/Content/EditorResources/EmptyActor.uasset" 98
"../../../Engine/Content/EditorResources/S_Actor.uasset" 99
"../../../Engine/Content/EditorResources/S_Trigger.uasset" 100
"../../../Engine/Content/EditorResources/LightIcons/S_LightError.uasset" 101
"../../../Engine/Content/EditorResources/SequenceRecorder/Countdown.uasset" 102
"../../../Engine/Content/EditorResources/SequenceRecorder/RecordingIndicator.uasset" 103
"../../../Engine/Content/EditorSounds/Notifications/CompileFailed.uasset" 104
"../../../Engine/Content/EditorSounds/Notifications/CompileFailed_Cue.uasset" 105
"../../../Engine/Content/EditorSounds/Notifications/CompileSuccess.uasset" 106
"../../../Engine/Content/EditorSounds/Notifications/CompileStart_Cue.uasset" 107
"../../../Engine/Content/EditorSounds/Notifications/CompileSuccess_Cue.uasset" 108
"../../../Engine/Content/EngineDamageTypes/DmgTypeBP_Environmental.uasset" 109
"../../../Engine/Content/EngineDebugMaterials/HeatmapGradient.uasset" 110
"../../../Engine/Content/EngineDebugMaterials/BoneWeightMaterial.uasset" 111
"../../../Engine/Content/EngineDebugMaterials/ClothMaterial.uasset" 112
"../../../Engine/Content/EngineDebugMaterials/ClothMaterial_WF.uasset" 113
"../../../Engine/Content/EngineDebugMaterials/DebugEditorMaterial.uasset" 114
"../../../Engine/Content/EngineDebugMaterials/DebugMeshMaterial.uasset" 115
"../../../Engine/Content/EngineDebugMaterials/GeomMaterial.uasset" 116
"../../../Engine/Content/EngineFonts/Faces/RobotoBold.uasset" 117
"../../../Engine/Content/EngineFonts/Faces/RobotoBoldItalic.uasset" 118
"../../../Engine/Content/EngineFonts/Faces/RobotoItalic.uasset" 119
"../../../Engine/Content/EngineFonts/Faces/RobotoLight.uasset" 120
"../../../Engine/Content/EngineFonts/Faces/RobotoRegular.uasset" 121
"../../../Engine/Content/EngineFonts/Roboto.uasset" 122
"../../../Engine/Content/EngineFonts/Faces/RobotoTiny.uasset" 123
"../../../Engine/Content/EngineFonts/RobotoTiny.uasset" 124
"../../../Engine/Content/EngineMaterials/DefaultBloomKernel.uasset" 125
"../../../Engine/Content/EngineMaterials/DefaultBokeh.uasset" 126
"../../../Engine/Content/EngineMaterials/DefaultDiffuse.uasset" 127
"../../../Engine/Content/EngineMaterials/DefaultDeferredDecalMaterial.uasset" 128
"../../../Engine/Content/EngineMaterials/DefaultLightFunctionMaterial.uasset" 129
"../../../Engine/Content/Functions/Engine_MaterialFunctions02/Utility/BreakOutFloat2Components.uasset" 130
"../../../Engine/Content/EngineMaterials/DefaultPostProcessMaterial.uasset" 131
"../../../Engine/Content/EngineFonts/RobotoDistanceField.uasset" 132
"../../../Engine/Content/EngineMaterials/DefaultTextMaterialOpaque.uasset" 133
"../../../Engine/Content/EngineMaterials/DefaultWhiteGrid.uasset" 134
"../../../Engine/Content/EngineMaterials/EditorBrushMaterial.uasset" 135
"../../../Engine/Content/EngineMaterials/Good64x64TilingNoiseHighFreq.uasset" 136
"../../../Engine/Content/EngineMaterials/MiniFont.uasset" 137
"../../../Engine/Content/EngineMaterials/InvalidLightmapSettings.uasset" 138
"../../../Engine/Content/EngineMaterials/M_InvalidLightmapSettings.uasset" 139
"../../../Engine/Content/Functions/Engine_MaterialFunctions02/WorldPositionOffset/CameraOffset.uasset" 140
"../../../Engine/Content/EngineMaterials/PhAT_JointLimitMaterial.uasset" 141
"../../../Engine/Content/EngineMaterials/PreintegratedSkinBRDF.uasset" 142
"../../../Engine/Content/EngineMaterials/RemoveSurfaceMaterial.uasset" 143
"../../../Engine/Content/EngineMaterials/WeightMapPlaceholderTexture.uasset" 144
"../../../Engine/Content/EngineResources/WhiteSquareTexture.uasset" 145
"../../../Engine/Content/EngineMaterials/Widget3DPassThrough.uasset" 146
"../../../Engine/Content/EngineMaterials/Widget3DPassThrough_Masked.uasset" 147
"../../../Engine/Content/EngineMaterials/Widget3DPassThrough_Opaque.uasset" 148
"../../../Engine/Content/EngineMaterials/Widget3DPassThrough_Masked_OneSided.uasset" 149
"../../../Engine/Content/EngineMaterials/Widget3DPassThrough_Opaque_OneSided.uasset" 150
"../../../Engine/Content/EngineMaterials/Widget3DPassThrough_Translucent.uasset" 151
"../../../Engine/Content/EngineMaterials/Widget3DPassThrough_Translucent_OneSided.uasset" 152
"../../../Engine/Content/EngineMeshes/Cube.uasset" 153
"../../../Engine/Content/EngineMeshes/Cylinder.uasset" 154
"../../../Engine/Content/EngineMeshes/Sphere.uasset" 155
"../../../Engine/Content/EngineResources/Black.uasset" 156
"../../../Engine/Content/EngineResources/DefaultTexture.uasset" 157
"../../../Engine/Content/EngineResources/DefaultTextureCube.uasset" 158
"../../../Engine/Content/EngineResources/GradientTexture0.uasset" 159
"../../../Engine/Content/EngineSounds/Master.uasset" 160
"../../../Engine/Content/Functions/Engine_MaterialFunctions01/Shading/ConvertFromDiffSpec.uasset" 161
"../../../Engine/Content/Functions/Engine_MaterialFunctions01/Shading/PowerToRoughness.uasset" 162
"../../../Engine/Content/Maps/Templates/Thumbnails/Default.uasset" 163
"../../../Engine/Content/Maps/Templates/Thumbnails/VR-Basic.uasset" 164
"../../../Engine/Content/MobileResources/T_MobileControls_texture.uasset" 165
"../../../Engine/Content/MobileResources/T_MobileMenu2.uasset" 166
"../../../Engine/Content/MobileResources/HUD/AnalogHat.uasset" 167
"../../../Engine/Content/MobileResources/HUD/VirtualJoystick_Background.uasset" 168
"../../../Engine/Content/MobileResources/HUD/VirtualJoystick_Thumb.uasset" 169
"../../../Engine/Content/MobileResources/HUD/DefaultVirtualJoysticks.uasset" 170
"../../../Engine/Content/MobileResources/HUD/LeftVirtualJoystickOnly.uasset" 171
"../../../Engine/Content/MobileResources/HUD/MobileHUDButton1_off.uasset" 172
"../../../Engine/Content/MobileResources/HUD/MobileHUDButton1_on.uasset" 173
"../../../Engine/Content/MobileResources/HUD/MobileHUDButton2_off.uasset" 174
"../../../Engine/Content/MobileResources/HUD/MobileHUDButton2_on.uasset" 175
"../../../Engine/Content/MobileResources/HUD/MobileHUDButton3.uasset" 176
"../../../Engine/Content/MobileResources/HUD/MobileHUDButtonFire.uasset" 177
"../../../Engine/Content/MobileResources/HUD/MobileHUDDirectionPad.uasset" 178
"../../../Engine/Content/MobileResources/HUD/MobileHUDDirectionPad2.uasset" 179
"../../../Engine/Content/MobileResources/HUD/MobileHUDDirectionPad3.uasset" 180
"../../../Engine/Content/MobileResources/HUD/MobileHUDDirectionStick.uasset" 181
"../../../Engine/Content/MobileResources/HUD/T_Castle_ThumbstickInner.uasset" 182
"../../../Engine/Content/MobileResources/HUD/T_Castle_ThumbstickOutter.uasset" 183
"../../../Engine/Content/Tutorial/ContentIntroCurve.uasset" 184
"../../../Engine/Content/Tutorial/Basics/TutorialAssets/icon_tab_Levels_40x.uasset" 185
"../../../Engine/Content/Tutorial/BlueprintTutorials/TutorialAssets/BlueprintInterface_64x.uasset" 186
"../../../Engine/Content/Tutorial/BlueprintTutorials/TutorialAssets/BlueprintMacroLibrary_64x.uasset" 187
"../../../Engine/Content/Tutorial/BlueprintTutorials/TutorialAssets/Blueprint_64x.uasset" 188
"../../../Engine/Content/Tutorial/BlueprintTutorials/TutorialAssets/Tutorial_BP_Interface.uasset" 189
"../../../Engine/Content/Tutorial/Foliage/TutorialAssets/Foliage.uasset" 190
"../../../Engine/Content/Tutorial/Landscape/TutorialAssets/Landscape.uasset" 191
"../../../Engine/Content/Tutorial/Paper2D/TutorialAssets/Paper2DFlipbook_TutorialIcon.uasset" 192
"../../../Engine/Content/Tutorial/Paper2D/TutorialAssets/Paper2DSprite_TutorialIcon.uasset" 193
"../../../Engine/Content/Tutorial/SubEditors/TutorialAssets/icon_Editor_Preferences_General_40x.uasset" 194
"../../../Engine/Content/Tutorial/SubEditors/TutorialAssets/icon_ShowSkeletalMeshes_40x.uasset" 195
"../../../Engine/Content/Tutorial/SubEditors/TutorialAssets/TutorialMaterial.uasset" 196
"../../../Engine/Content/Tutorial/SubEditors/TutorialAssets/T_SmokeSubUV_8X8.uasset" 197
"../../../Engine/Content/Tutorial/SubEditors/TutorialAssets/T_soft_smoke.uasset" 198
"../../../Engine/Content/Tutorial/SubEditors/TutorialAssets/M_smoke_subUV_blackbody.uasset" 199
"../../../Engine/Content/Tutorial/SubEditors/TutorialAssets/TutorialParticleSystem.uasset" 200
"../../../Engine/Content/VREditor/Devices/Generic/GenericHMDMaterial.uasset" 201
"../../../Engine/Content/VREditor/Devices/Generic/GenericHMD.uasset" 202
"../../../Engine/Content/Functions/Engine_MaterialFunctions02/Utility/BreakOutFloat3Components.uasset" 203
"../../../Engine/Content/VREditor/Devices/Vive/VivePreController_MasksB.uasset" 204
"../../../Engine/Content/VREditor/Devices/Oculus/OculusControllerMaterial.uasset" 205
"../../../Engine/Content/VREditor/Devices/Oculus/OculusControllerMaterial_Inst.uasset" 206
"../../../Engine/Content/VREditor/Devices/Oculus/OculusControllerMesh.uasset" 207
"../../../Engine/Content/VREditor/Devices/Vive/T_VivePreController_EM.uasset" 208
"../../../Engine/Content/VREditor/Devices/Vive/VivePreController_MasksA.uasset" 209
"../../../Engine/Content/VREditor/Devices/Vive/VivePreControllerDiffuse.uasset" 210
"../../../Engine/Content/VREditor/Devices/Vive/VivePreControllerSpec.uasset" 211
"../../../Engine/Content/VREditor/LaserPointer/VR_LaserPower_01.uasset" 212
"../../../Engine/Content/VREditor/Devices/Vive/VivePreControllerMaterial.uasset" 213
"../../../Engine/Content/VREditor/Devices/Vive/VivePreControllerMaterial_Inst.uasset" 214
"../../../Engine/Content/VREditor/Devices/Vive/VivePreControllerMesh.uasset" 215
"../../../Engine/Content/VREditor/FloatingText/LineMaterial.uasset" 216
"../../../Engine/Content/VREditor/FloatingText/JointSphere.uasset" 217
"../../../Engine/Content/VREditor/FloatingText/LineSegmentCylinder.uasset" 218
"../../../Engine/Content/VREditor/Fonts/VRText_RobotoLarge.uasset" 219
"../../../Engine/Content/VREditor/Fonts/VRTextMaterial.uasset" 220
"../../../Engine/Content/VREditor/Fonts/TranslucentVRTextMaterial.uasset" 221
"../../../Engine/Content/VREditor/LaserPointer/CursorPointer.uasset" 222
"../../../Engine/Content/VREditor/TransformGizmo/TransformGizmoMaterial.uasset" 223
"../../../Engine/Content/VREditor/LaserPointer/HoverMaterial.uasset" 224
"../../../Engine/Content/VREditor/TransformGizmo/TranslucentTransformGizmoMaterial.uasset" 225
"../../../Engine/Content/VREditor/LaserPointer/TranslucentHoverMaterial.uasset" 226
"../../../Engine/Content/VREditor/LaserPointer/HoverMesh.uasset" 227
"../../../Engine/Content/VREditor/LaserPointer/LaserPointerMaterial.uasset" 228
"../../../Engine/Content/VREditor/LaserPointer/LaserPointerMaterialInst.uasset" 229
"../../../Engine/Content/VREditor/LaserPointer/TranslucentLaserPointerMaterialInst.uasset" 230
"../../../Engine/Content/VREditor/LaserPointer/LaserPointerMesh.uasset" 231
"../../../Engine/Content/VREditor/LaserPointer/LaserPointerMesh_End.uasset" 232
"../../../Engine/Content/VREditor/LaserPointer/LaserPointerMesh_Start.uasset" 233
"../../../Engine/Content/VREditor/Sounds/VR_teleport.uasset" 234
"../../../Engine/Content/VREditor/Sounds/UI/Click_on_Button.uasset" 235
"../../../Engine/Content/VREditor/Sounds/UI/Click_on_Button_Cue.uasset" 236
"../../../Engine/Content/VREditor/Sounds/UI/Dockable_Window_Close.uasset" 237
"../../../Engine/Content/VREditor/Sounds/UI/Dockable_Window_Drop.uasset" 238
"../../../Engine/Content/VREditor/Sounds/UI/Dockable_Window_Open.uasset" 239
"../../../Engine/Content/VREditor/Sounds/UI/Dockable_Window_Pick_Up.uasset" 240
"../../../Engine/Content/VREditor/Sounds/UI/Drop_Item_From_ContentBrowser.uasset" 241
"../../../Engine/Content/VREditor/Sounds/UI/Floating_UI_Open-001.uasset" 242
"../../../Engine/Content/VREditor/Sounds/UI/Radial_Menu_FadeOut.uasset" 243
"../../../Engine/Content/VREditor/Sounds/UI/Teleport_Mode_Entered.uasset" 244
"../../../Engine/Content/VREditor/Teleport/TeleportDirectionMaterial.uasset" 245
"../../../Engine/Content/VREditor/Teleport/TeleportDirectionMaterial_Inst.uasset" 246
"../../../Engine/Content/VREditor/Teleport/TeleportDirectionMesh.uasset" 247
"../../../Engine/Content/VREditor/TransformGizmo/BoundingBoxCorner.uasset" 248
"../../../Engine/Content/VREditor/TransformGizmo/BoundingBoxEdge.uasset" 249
"../../../Engine/Content/VREditor/TransformGizmo/PlaneTranslationHandle.uasset" 250
"../../../Engine/Content/VREditor/TransformGizmo/Main.uasset" 251
"../../../Engine/Content/VREditor/TransformGizmo/Xray.uasset" 252
"../../../Engine/Content/VREditor/TransformGizmo/SM_Dialog_Close.uasset" 253
"../../../Engine/Content/VREditor/TransformGizmo/SM_Dialog_Move.uasset" 254
"../../../Engine/Content/VREditor/TransformGizmo/SM_Sequencer_Key.uasset" 255
"../../../Engine/Content/VREditor/TransformGizmo/SM_Sequencer_Node.uasset" 256
"../../../Engine/Content/VREditor/TransformGizmo/TransformGizmoMaterial_Inst.uasset" 257
"../../../Engine/Content/VREditor/TransformGizmo/TranslucentTransformGizmoMaterial_Inst.uasset" 258
"../../../Engine/Content/VREditor/Devices/Vive/UE4_Logo.uasset" 259
"../../../Engine/Content/VREditor/UI/M_ContentWindow.uasset" 260
"../../../Engine/Content/VREditor/UI/SM_ContentWindow_01.uasset" 261
"../../../Engine/Content/VREditor/UI/KeyDiskMaterial.uasset" 262
"../../../Engine/Content/VREditor/UI/DiscMaterial.uasset" 263
"../../../Engine/Content/VREditor/UI/SM_Radial_Disk.uasset" 264
"../../../Engine/Content/VREditor/UI/ArrowMaterial.uasset" 265
"../../../Engine/Content/VREditor/UI/SM_Radial_Pointer.uasset" 266
"../../../Engine/Content/Functions/Engine_MaterialFunctions01/Gradient/RadialGradient.uasset" 267
"../../../Engine/Content/VREditor/WorldMovementGrid/SimpleGrid.uasset" 268
"../../../Engine/Content/VREditor/WorldMovementGrid/GridMaterial.uasset" 269
"../../../Engine/Content/Functions/Engine_MaterialFunctions01/Density/ExponentialDensity.uasset" 270
"../../../Engine/Content/VREditor/WorldMovementGrid/GridPostProcess.uasset" 271
"../../../Engine/Content/EditorLandscapeResources/FlattenHeightMat.uasset" 272
"../../../Engine/Content/VREditor/WorldMovementGrid/PlaneMesh.uasset" 273
"../../Plugins/2D/Paper2D/Content/PlaceholderTextures/DummySpriteTexture.uasset" 274
"../../Plugins/2D/Paper2D/Content/DummySprite.uasset" 275
"../../Plugins/2D/Paper2D/Content/DefaultPaperTerrainMaterial.uasset" 276
"../../Plugins/2D/Paper2D/Content/DefaultSpriteMaterial.uasset" 277
"../../Plugins/2D/Paper2D/Content/MaskedUnlitSpriteMaterial.uasset" 278
"../../Plugins/2D/Paper2D/Content/OpaqueUnlitSpriteMaterial.uasset" 279
"../../Plugins/Media/MediaCompositing/Content/DefaultMediaPlaneTexture.uasset" 280
"../../Plugins/Media/MediaCompositing/Content/DefaultMediaPlaneMaterial.uasset" 281
"../../../Engine/Content/Functions/Engine_MaterialFunctions02/Utility/MakeFloat4.uasset" 282
"../../Plugins/Runtime/AppleARKit/Content/ARKitCameraMaterial.uasset" 283
"../../Plugins/Runtime/Oculus/OculusVR/Content/Textures/GearVRController_AO.uasset" 284
"../../Plugins/Runtime/Oculus/OculusVR/Content/Textures/GearVRController_Color.uasset" 285
"../../Plugins/Runtime/Oculus/OculusVR/Content/Textures/GearVRController_Normal.uasset" 286
"../../Plugins/Runtime/Oculus/OculusVR/Content/Materials/GearVRControllerMaterial.uasset" 287
"../../Plugins/Runtime/Oculus/OculusVR/Content/Meshes/GearVrController.uasset" 288
"../../../Engine/Content/EditorBlueprintResources/StandardMacros.uasset" 289
"../../../Engine/Content/EngineSky/C_Sky_Cloud_Color.uasset" 290
"../../../Engine/Content/EngineSky/C_Sky_Horizon_Color.uasset" 291
"../../../Engine/Content/EngineSky/C_Sky_Zenith_Color.uasset" 292
"../../../Engine/Content/EngineSky/T_Sky_Blue.uasset" 293
"../../../Engine/Content/EngineSky/T_Sky_Clouds_M.uasset" 294
"../../../Engine/Content/EngineSky/T_Sky_Stars.uasset" 295
"../../../Engine/Content/EngineSky/M_Sky_Panning_Clouds2.uasset" 296
"../../../Engine/Content/EngineSky/SM_SkySphere.uasset" 297
"../../../Engine/Content/EngineSky/BP_Sky_Sphere.uasset" 298
"E:/Github/ALBERT/Content/Player_Ship_BP.uasset" 299
"E:/Github/ALBERT/Content/UI/MinimapTexture_BP.uasset" 300
"E:/Github/ALBERT/Content/UI/MinimapMaterial.uasset" 301
"E:/Github/ALBERT/Content/UI/Art/Health_Bar_ico.uasset" 302
"E:/Github/ALBERT/Content/UI/Art/Ico_Chest.uasset" 303
"E:/Github/ALBERT/Content/UI/Art/Other_stuff.uasset" 304
"E:/Github/ALBERT/Content/UI/Widgets/HUDWidget.uasset" 305
"E:/Github/ALBERT/Content/UI/Widgets/HeadsUpDisplay.uasset" 306
"E:/Github/ALBERT/Content/GameMode_0_BP.uasset" 307
"E:/Github/ALBERT/Content/Materials/Flat_Earth_sharedassets/Dirt_LayerInfo.uasset" 308
"E:/Github/ALBERT/Content/Materials/Flat_Earth_sharedassets/Grass_LayerInfo.uasset" 309
"E:/Github/ALBERT/Content/Materials/M_Landsape.uasset" 310
"../../../Engine/Content/Functions/Engine_MaterialFunctions01/Coordinates/WorldPosition-XY.uasset" 311
"../../../Engine/Content/Functions/Engine_MaterialFunctions02/SmoothStep.uasset" 312
"../../../Engine/Content/Functions/Engine_MaterialFunctions02/Utility/BlendAngleCorrectedNormals.uasset" 313
"../../../Engine/Content/Functions/Engine_MaterialFunctions02/Utility/MakeFloat3.uasset" 314
"E:/Github/ALBERT/Content/Textures/T_Water2_nrm.uasset" 315
"E:/Github/ALBERT/Content/Textures/T_Water_nrm.uasset" 316
"E:/Github/ALBERT/Content/Textures/T_Wave_Height.uasset" 317
"E:/Github/ALBERT/Content/Materials/Water_Master.uasset" 318
"E:/Github/ALBERT/Content/Materials/Water_Instance.uasset" 319
"../../../Engine/Content/EngineMaterials/DefaultPhysicalMaterial.uasset" 320
"E:/Github/ALBERT/Content/Levels/Flat_Earth_Sea.uasset" 321
"E:/Github/ALBERT/Content/Levels/Level_0.umap" 322
"E:/Github/ALBERT/Content/VikingAssets/Main_Menu_BP.uasset" 323
"E:/Github/ALBERT/Content/Levels/Level_MainMenu.umap" 324
"../../../Engine/Content/Maps/Entry.umap" 325
